Using pre-set license
Built from '2021.3/staging' branch; Version is '2021.3.9f1 (ad3870b89536) revision 11352176'; Using compiler version '192829333'; Build Type 'Release'
OS: 'Windows 11  (10.0.22000) 64bit Core' Language: 'en' Physical Memory: 16195 MB
BatchMode: 1, IsHumanControllingUs: 0, StartBugReporterOnCrash: 0, Is64bit: 1, IsPro: 1

COMMAND LINE ARGUMENTS:
C:\Program Files\Unity\Hub\Editor\2021.3.9f1\Editor\Unity.exe
-adb2
-batchMode
-noUpm
-name
AssetImportWorker1
-projectPath
C:/Users/Gustavo/Documents/GitHub/Proyecto-Final-GC
-logFile
Logs/AssetImportWorker1.log
-srvPort
61578
Successfully changed project path to: C:/Users/Gustavo/Documents/GitHub/Proyecto-Final-GC
C:/Users/Gustavo/Documents/GitHub/Proyecto-Final-GC
[UnityMemory] Configuration Parameters - Can be set up in boot.config
    "memorysetup-bucket-allocator-granularity=16"
    "memorysetup-bucket-allocator-bucket-count=8"
    "memorysetup-bucket-allocator-block-size=33554432"
    "memorysetup-bucket-allocator-block-count=8"
    "memorysetup-main-allocator-block-size=16777216"
    "memorysetup-thread-allocator-block-size=16777216"
    "memorysetup-gfx-main-allocator-block-size=16777216"
    "memorysetup-gfx-thread-allocator-block-size=16777216"
    "memorysetup-cache-allocator-block-size=4194304"
    "memorysetup-typetree-allocator-block-size=2097152"
    "memorysetup-profiler-bucket-allocator-granularity=16"
    "memorysetup-profiler-bucket-allocator-bucket-count=8"
    "memorysetup-profiler-bucket-allocator-block-size=33554432"
    "memorysetup-profiler-bucket-allocator-block-count=8"
    "memorysetup-profiler-allocator-block-size=16777216"
    "memorysetup-profiler-editor-allocator-block-size=1048576"
    "memorysetup-temp-allocator-size-main=16777216"
    "memorysetup-job-temp-allocator-block-size=2097152"
    "memorysetup-job-temp-allocator-block-size-background=1048576"
    "memorysetup-job-temp-allocator-reduction-small-platforms=262144"
    "memorysetup-temp-allocator-size-background-worker=32768"
    "memorysetup-temp-allocator-size-job-worker=262144"
    "memorysetup-temp-allocator-size-preload-manager=33554432"
    "memorysetup-temp-allocator-size-nav-mesh-worker=65536"
    "memorysetup-temp-allocator-size-audio-worker=65536"
    "memorysetup-temp-allocator-size-cloud-worker=32768"
    "memorysetup-temp-allocator-size-gi-baking-worker=262144"
    "memorysetup-temp-allocator-size-gfx=262144"
Refreshing native plugins compatible for Editor in 124.57 ms, found 3 plugins.
Preloading 0 native plugins for Editor in 0.00 ms.
Initialize engine version: 2021.3.9f1 (ad3870b89536)
[Subsystems] Discovering subsystems at path C:/Program Files/Unity/Hub/Editor/2021.3.9f1/Editor/Data/Resources/UnitySubsystems
[Subsystems] Discovering subsystems at path C:/Users/Gustavo/Documents/GitHub/Proyecto-Final-GC/Assets
GfxDevice: creating device client; threaded=0; jobified=0
Direct3D:
    Version:  Direct3D 11.0 [level 11.1]
    Renderer: Radeon RX Vega M GL Graphics (ID=0x694e)
    Vendor:   ATI
    VRAM:     4043 MB
    Driver:   30.0.13025.1000
Initialize mono
Mono path[0] = 'C:/Program Files/Unity/Hub/Editor/2021.3.9f1/Editor/Data/Managed'
Mono path[1] = 'C:/Program Files/Unity/Hub/Editor/2021.3.9f1/Editor/Data/MonoBleedingEdge/lib/mono/unityjit-win32'
Mono config path = 'C:/Program Files/Unity/Hub/Editor/2021.3.9f1/Editor/Data/MonoBleedingEdge/etc'
Using monoOptions --debugger-agent=transport=dt_socket,embedding=1,server=y,suspend=n,address=127.0.0.1:56896
Begin MonoManager ReloadAssembly
Registering precompiled unity dll's ...
Register platform support module: C:/Program Files/Unity/Hub/Editor/2021.3.9f1/Editor/Data/PlaybackEngines/WindowsStandaloneSupport/UnityEditor.WindowsStandalone.Extensions.dll
Registered in 0.005894 seconds.
Native extension for WindowsStandalone target not found
Refreshing native plugins compatible for Editor in 115.11 ms, found 3 plugins.
Preloading 0 native plugins for Editor in 0.00 ms.
Mono: successfully reloaded assembly
- Completed reload, in  0.957 seconds
Domain Reload Profiling:
	ReloadAssembly (958ms)
		BeginReloadAssembly (109ms)
			ExecutionOrderSort (0ms)
			DisableScriptedObjects (0ms)
			BackupInstance (0ms)
			ReleaseScriptingObjects (0ms)
			CreateAndSetChildDomain (1ms)
		EndReloadAssembly (684ms)
			LoadAssemblies (106ms)
			RebuildTransferFunctionScriptingTraits (0ms)
			SetupTypeCache (173ms)
			ReleaseScriptCaches (0ms)
			RebuildScriptCaches (38ms)
			SetupLoadedEditorAssemblies (397ms)
				LogAssemblyErrors (0ms)
				InitializePlatformSupportModulesInManaged (9ms)
				SetLoadedEditorAssemblies (0ms)
				RefreshPlugins (115ms)
				BeforeProcessingInitializeOnLoad (2ms)
				ProcessInitializeOnLoadAttributes (204ms)
				ProcessInitializeOnLoadMethodAttributes (67ms)
				AfterProcessingInitializeOnLoad (0ms)
				EditorAssembliesLoaded (0ms)
			ExecutionOrderSort2 (0ms)
			AwakeInstancesAfterBackupRestoration (0ms)
Platform modules already initialized, skipping
Registering precompiled user dll's ...
Registered in 0.008117 seconds.
Begin MonoManager ReloadAssembly
Symbol file LoadedFromMemory doesn't match image C:\Users\Gustavo\Documents\GitHub\Proyecto-Final-GC\Library\PackageCache\com.unity.visualscripting@1.7.8\Editor\VisualScripting.Core\Dependencies\YamlDotNet\Unity.VisualScripting.YamlDotNet.dll
Symbol file LoadedFromMemory doesn't match image C:\Users\Gustavo\Documents\GitHub\Proyecto-Final-GC\Library\PackageCache\com.unity.visualscripting@1.7.8\Editor\VisualScripting.Core\Dependencies\DotNetZip\Unity.VisualScripting.IonicZip.dll
Native extension for WindowsStandalone target not found
Refreshing native plugins compatible for Editor in 1.18 ms, found 3 plugins.
Preloading 0 native plugins for Editor in 0.00 ms.
Mono: successfully reloaded assembly
- Completed reload, in  2.357 seconds
Domain Reload Profiling:
	ReloadAssembly (2359ms)
		BeginReloadAssembly (255ms)
			ExecutionOrderSort (0ms)
			DisableScriptedObjects (13ms)
			BackupInstance (0ms)
			ReleaseScriptingObjects (0ms)
			CreateAndSetChildDomain (59ms)
		EndReloadAssembly (1828ms)
			LoadAssemblies (175ms)
			RebuildTransferFunctionScriptingTraits (0ms)
			SetupTypeCache (569ms)
			ReleaseScriptCaches (1ms)
			RebuildScriptCaches (198ms)
			SetupLoadedEditorAssemblies (741ms)
				LogAssemblyErrors (0ms)
				InitializePlatformSupportModulesInManaged (9ms)
				SetLoadedEditorAssemblies (1ms)
				RefreshPlugins (1ms)
				BeforeProcessingInitializeOnLoad (172ms)
				ProcessInitializeOnLoadAttributes (488ms)
				ProcessInitializeOnLoadMethodAttributes (59ms)
				AfterProcessingInitializeOnLoad (11ms)
				EditorAssembliesLoaded (0ms)
			ExecutionOrderSort2 (0ms)
			AwakeInstancesAfterBackupRestoration (15ms)
Platform modules already initialized, skipping
========================================================================
Worker process is ready to serve import requests
Launched and connected shader compiler UnityShaderCompiler.exe after 0.08 seconds
Refreshing native plugins compatible for Editor in 0.85 ms, found 3 plugins.
Preloading 0 native plugins for Editor in 0.00 ms.
Unloading 3380 Unused Serialized files (Serialized files now loaded: 0)
Unloading 27 unused Assets / (111.5 KB). Loaded Objects now: 3844.
Memory consumption went from 118.6 MB to 118.5 MB.
Total: 6.365100 ms (FindLiveObjects: 0.525800 ms CreateObjectMapping: 0.509600 ms MarkObjects: 5.169300 ms  DeleteObjects: 0.159000 ms)

AssetImportParameters requested are different than current active one (requested -> active):
  custom:video-decoder-ogg-theora: a1e56fd34408186e4bbccfd4996cb3dc -> 
  custom:container-muxer-webm: aa71ff27fc2769a1b78a27578f13a17b -> 
  custom:container-demuxer-webm: 4f35f7cbe854078d1ac9338744f61a02 -> 
  custom:video-encoder-webm-vp8: eb34c28f22e8b96e1ab97ce403110664 -> 
  custom:video-codec-MediaFoundation-h265: 746d11721c4dcdbdad8f713fa42b33f4 -> 
  custom:audio-encoder-webm-vorbis: bf7c407c2cedff20999df2af8eb42d56 -> 
  custom:framework-win-MediaFoundation: 216162199b28c13a410421893ffa2e32 -> 
  custom:container-demuxer-ogg: 62fdf1f143b41e24485cea50d1cbac27 -> 
  custom:video-decoder-webm-vp8: 9c59270c3fd7afecdb556c50c9e8de78 -> 
  custom:audio-decoder-ogg-vorbis: bf7c407c2cedff20999df2af8eb42d56 -> 
========================================================================
Received Import Request.
  Time since last request: 11196.713467 seconds.
  path: Assets/Rune Assets/Simple/Urban Buildings Pack 1/urb_bui_1.fbx
  artifactKey: Guid(d589a6789773d0840b0733e82c7d3e2e) Importer(815301076,1909f56bfc062723c751e8b465ee728b)
Start importing Assets/Rune Assets/Simple/Urban Buildings Pack 1/urb_bui_1.fbx using Guid(d589a6789773d0840b0733e82c7d3e2e) Importer(815301076,1909f56bfc062723c751e8b465ee728b)  -> (artifact id: '635805262346fb35a898c72e10bf8844') in 0.252209 seconds 
========================================================================
Received Import Request.
  Time since last request: 0.000028 seconds.
  path: Assets/Rune Assets/Simple/Urban Buildings Pack 1/urb_bui_5_lod0.prefab
  artifactKey: Guid(b2fcb4869e568194ebff11fc13530282) Importer(815301076,1909f56bfc062723c751e8b465ee728b)
Start importing Assets/Rune Assets/Simple/Urban Buildings Pack 1/urb_bui_5_lod0.prefab using Guid(b2fcb4869e568194ebff11fc13530282) Importer(815301076,1909f56bfc062723c751e8b465ee728b)  -> (artifact id: '41b2d3358107617eaa6d3b2e78de84f1') in 0.182743 seconds 
========================================================================
Received Import Request.
  Time since last request: 0.000054 seconds.
  path: Assets/Rune Assets/Simple/Urban Buildings Pack 1/urb_bui_2.fbx
  artifactKey: Guid(51dd5bf4be5fbb84e9f6e823c6b2fbc9) Importer(815301076,1909f56bfc062723c751e8b465ee728b)
Start importing Assets/Rune Assets/Simple/Urban Buildings Pack 1/urb_bui_2.fbx using Guid(51dd5bf4be5fbb84e9f6e823c6b2fbc9) Importer(815301076,1909f56bfc062723c751e8b465ee728b)  -> (artifact id: '56d5cc182494fa7781e41f7d8c0c7dc5') in 0.063592 seconds 
========================================================================
Received Import Request.
  Time since last request: 0.000047 seconds.
  path: Assets/Rune Assets/Simple/Urban Buildings Pack 1/urb_bui_4.fbx
  artifactKey: Guid(3a6923a1482b2e84599c596ff5d74c1b) Importer(815301076,1909f56bfc062723c751e8b465ee728b)
Start importing Assets/Rune Assets/Simple/Urban Buildings Pack 1/urb_bui_4.fbx using Guid(3a6923a1482b2e84599c596ff5d74c1b) Importer(815301076,1909f56bfc062723c751e8b465ee728b)  -> (artifact id: 'ad3f3eb717b1ade9f36c17c909b0bbfa') in 0.088495 seconds 
========================================================================
Received Import Request.
  Time since last request: 0.000046 seconds.
  path: Assets/Rune Assets/Simple/Urban Buildings Pack 1/urb_bui_3.fbx
  artifactKey: Guid(e2fe373d4157e40419112124b720d7de) Importer(815301076,1909f56bfc062723c751e8b465ee728b)
Start importing Assets/Rune Assets/Simple/Urban Buildings Pack 1/urb_bui_3.fbx using Guid(e2fe373d4157e40419112124b720d7de) Importer(815301076,1909f56bfc062723c751e8b465ee728b)  -> (artifact id: '562f74f5fcf504a9c90b1b286e07c3d8') in 0.060784 seconds 
========================================================================
Received Import Request.
  Time since last request: 0.000035 seconds.
  path: Assets/Rune Assets/Simple/Urban Buildings Pack 1/urb_bui_p1_spec.png
  artifactKey: Guid(1bd2ffbc29bdadf4cae4518da4d3251c) Importer(815301076,1909f56bfc062723c751e8b465ee728b)
Start importing Assets/Rune Assets/Simple/Urban Buildings Pack 1/urb_bui_p1_spec.png using Guid(1bd2ffbc29bdadf4cae4518da4d3251c) Importer(815301076,1909f56bfc062723c751e8b465ee728b)  -> (artifact id: '7ae58471536c294bf07a6a6a359620dd') in 0.034626 seconds 
========================================================================
Received Import Request.
  Time since last request: 1139.213013 seconds.
  path: Assets/Rune Assets/Simple/Urban Buildings Pack 1/urb_bui_2_lod0.prefab
  artifactKey: Guid(3d01ef65dd7df27469c08a5faaf917bd) Importer(815301076,1909f56bfc062723c751e8b465ee728b)
Start importing Assets/Rune Assets/Simple/Urban Buildings Pack 1/urb_bui_2_lod0.prefab using Guid(3d01ef65dd7df27469c08a5faaf917bd) Importer(815301076,1909f56bfc062723c751e8b465ee728b)  -> (artifact id: '16dfe0b2ae5b8c78c5e3f198558454ee') in 0.073645 seconds 
========================================================================
Received Import Request.
  Time since last request: 0.000068 seconds.
  path: Assets/Rune Assets/Simple/Urban Buildings Pack 1/urb_bui_4_lod0.prefab
  artifactKey: Guid(d597a8fa6b192c545bbae896e4d42a21) Importer(815301076,1909f56bfc062723c751e8b465ee728b)
Start importing Assets/Rune Assets/Simple/Urban Buildings Pack 1/urb_bui_4_lod0.prefab using Guid(d597a8fa6b192c545bbae896e4d42a21) Importer(815301076,1909f56bfc062723c751e8b465ee728b)  -> (artifact id: 'f69421dea3b331685d71449ac23eca66') in 0.027082 seconds 
========================================================================
Received Import Request.
  Time since last request: 0.000048 seconds.
  path: Assets/Rune Assets/Simple/Urban Buildings Pack 1/urb_bui_p1.mat
  artifactKey: Guid(da995deb85abeb942b4e3e966e7e86f5) Importer(815301076,1909f56bfc062723c751e8b465ee728b)
Start importing Assets/Rune Assets/Simple/Urban Buildings Pack 1/urb_bui_p1.mat using Guid(da995deb85abeb942b4e3e966e7e86f5) Importer(815301076,1909f56bfc062723c751e8b465ee728b)  -> (artifact id: '44b535f334e156b2cff564a355661158') in 0.063127 seconds 
